# vsim +UVM_TESTNAME=word_format_poll_test -coverage -do {coverage save word_format_poll.ucdb -onexit;run -all} -l word_format_poll.log -c -voptargs=+acc uart_tb 
# ** Note: (vsim-3812) Design is being optimized...
# 
# ** Note: (vopt-143) Recognized 1 FSM in module "uart_rx(fast)".
# 
# ** Note: (vopt-143) Recognized 1 FSM in module "uart_tx(fast)".
# 
# //  Questa Sim-64
# //  Version 10.2c Unknown Platform Jul 19 2013
# //
# //  Copyright 1991-2013 Mentor Graphics Corporation
# //  All Rights Reserved.
# //
# //  THIS WORK CONTAINS TRADE SECRET AND PROPRIETARY INFORMATION
# //  WHICH IS THE PROPERTY OF MENTOR GRAPHICS CORPORATION OR ITS
# //  LICENSORS AND IS SUBJECT TO LICENSE TERMS.
# //
# Loading sv_std.std
# Loading mtiUvm.uvm_pkg
# Loading work.uart_agent_pkg(fast)
# Loading work.uart_seq_pkg(fast)
# Loading work.uart_reg_pkg(fast)
# Loading work.modem_agent_pkg(fast)
# Loading work.apb_agent_pkg(fast)
# Loading work.uart_env_pkg(fast)
# Loading work.host_if_seq_pkg(fast)
# Loading work.uart_vseq_pkg(fast)
# Loading work.uart_test_pkg(fast)
# Loading work.uart_tb(fast)
# Loading work.apb_if(fast)
# Loading work.serial_if(fast)
# Loading work.modem_if(fast)
# Loading work.interrupt_if(fast)
# Loading work.uart_16550(fast)
# Loading work.uart_register_file(fast)
# Loading work.uart_tx(fast)
# Loading work.uart_tx_fifo(fast)
# Loading work.uart_rx(fast)
# Loading work.uart_rx_fifo(fast)
# Loading work.apb_monitor(fast)
# Loading mtiUvm.questa_uvm_pkg(fast)
# Loading E:/questa/questa_setup/uvm-1.1d\win64\uvm_dpi.dll
# coverage save word_format_poll.ucdb -onexit 
# run -all 
# ----------------------------------------------------------------
# UVM-1.1d
# (C) 2007-2013 Mentor Graphics Corporation
# (C) 2007-2013 Cadence Design Systems, Inc.
# (C) 2006-2013 Synopsys, Inc.
# (C) 2011-2013 Cypress Semiconductor Corp.
# ----------------------------------------------------------------
# 
#   ***********       IMPORTANT RELEASE NOTES         ************
# 
#   You are using a version of the UVM library that has been compiled
#   with `UVM_NO_DEPRECATED undefined.
#   See http://www.eda.org/svdb/view.php?id=3313 for more details.
# 
#   You are using a version of the UVM library that has been compiled
#   with `UVM_OBJECT_MUST_HAVE_CONSTRUCTOR undefined.
#   See http://www.eda.org/svdb/view.php?id=3770 for more details.
# 
#       (Specify +UVM_NO_RELNOTES to turn off this notice)
# 
# UVM_INFO verilog_src/questa_uvm_pkg-1.2/src/questa_uvm_pkg.sv(215) @ 0: reporter [Questa UVM] QUESTA_UVM-1.2.2
# UVM_INFO verilog_src/questa_uvm_pkg-1.2/src/questa_uvm_pkg.sv(217) @ 0: reporter [Questa UVM]  questa_uvm::init(+struct)
# UVM_INFO @ 0: reporter [RNTST] Running test word_format_poll_test...
# UVM_INFO verilog_src/uvm-1.1d/src/base/uvm_objection.svh(1268) @ 86330: reporter [TEST_DONE] 'run' phase is ready to proceed to the 'extract' phase
# UVM_INFO ../uvm_tb/env/baud_rate_checker.svh(140) @ 86330: uvm_test_top.m_env.br_sb [report_phase] No baud rate errors detected
# UVM_INFO ../uvm_tb/env/uart_modem_scoreboard.svh(207) @ 86330: uvm_test_top.m_env.modem_sb [uart_modem_scoreboard::report_phase] No modem errors observed
# UVM_INFO ../uvm_tb/env/uart_rx_scoreboard.svh(152) @ 86330: uvm_test_top.m_env.rx_sb [report_phase] 128 characters received by the UART with 0 inserted errors
# UVM_INFO ../uvm_tb/env/uart_tx_scoreboard.svh(133) @ 86330: uvm_test_top.m_env.tx_sb [report_phase] 128 characters transmitted from the UART with no errors
# UVM_INFO ../uvm_tb/tests/word_format_poll_test.svh(45) @ 86330: uvm_test_top [*** UVM TEST PASSED ***] No RX or TX data errors detected
# 
# --- UVM Report Summary ---
# 
# ** Report counts by severity
# UVM_INFO :    9
# UVM_WARNING :    0
# UVM_ERROR :    0
# UVM_FATAL :    0
# ** Report counts by id
# [*** UVM TEST PASSED ***]     1
# [Questa UVM]     2
# [RNTST]     1
# [TEST_DONE]     1
# [report_phase]     3
# [uart_modem_scoreboard::report_phase]     1
# ** Note: $finish    : E:/questa/questa_setup/win64/../verilog_src/uvm-1.1d/src/base/uvm_root.svh(430)
#    Time: 86330 ns  Iteration: 66  Instance: /uart_tb
